[debug] [2022-02-01T10:49:10.523Z] ----------------------------------------------------------------------
[debug] [2022-02-01T10:49:10.526Z] Command:       C:\Program Files\nodejs\node.exe C:\Users\Lenovo\AppData\Roaming\npm\node_modules\firebase-tools\lib\bin\firebase.js emulators:start
[debug] [2022-02-01T10:49:10.527Z] CLI Version:   10.1.2
[debug] [2022-02-01T10:49:10.527Z] Platform:      win32
[debug] [2022-02-01T10:49:10.527Z] Node Version:  v14.16.1
[debug] [2022-02-01T10:49:10.528Z] Time:          Tue Feb 01 2022 16:19:10 GMT+0530 (India Standard Time)
[debug] [2022-02-01T10:49:10.529Z] ----------------------------------------------------------------------
[debug] 
[debug] [2022-02-01T10:49:10.533Z] >>> [apiv2][query] GET https://firebase-public.firebaseio.com/cli.json [none]
[debug] [2022-02-01T10:49:10.684Z] > command requires scopes: ["email","openid","https://www.googleapis.com/auth/cloudplatformprojects.readonly","https://www.googleapis.com/auth/firebase","https://www.googleapis.com/auth/cloud-platform"]
[debug] [2022-02-01T10:49:10.684Z] > authorizing via signed-in user (vermaakashratan232@gmail.com)
[info] i  emulators: Starting emulators: functions, hosting {"metadata":{"emulator":{"name":"hub"},"message":"Starting emulators: functions, hosting"}}
[debug] [2022-02-01T10:49:10.733Z] [hub] writing locator at C:\Users\Lenovo\AppData\Local\Temp\hub-clone-cf8cb.json
[warn] !  functions: The following emulators are not running, calls to these services from the Functions emulator will affect production: auth, firestore, database, pubsub, storage {"metadata":{"emulator":{"name":"functions"},"message":"The following emulators are not running, calls to these services from the Functions emulator will affect production: \u001b[1mauth, firestore, database, pubsub, storage\u001b[22m"}}
[info] +  functions: Using node@14 from host. {"metadata":{"emulator":{"name":"functions"},"message":"Using node@14 from host."}}
[warn] !  Your requested "node" version "14" doesn't match your global version "14" {"metadata":{"emulator":{"name":"functions"},"message":"Your requested \"node\" version \"14\" doesn't match your global version \"14\""}}
[debug] [2022-02-01T10:49:11.112Z] defaultcredentials: writing to file C:\Users\Lenovo\AppData\Roaming\firebase\vermaakashratan232_gmail_com_application_default_credentials.json
[debug] [2022-02-01T10:49:11.118Z] Setting GAC to C:\Users\Lenovo\AppData\Roaming\firebase\vermaakashratan232_gmail_com_application_default_credentials.json {"metadata":{"emulator":{"name":"functions"},"message":"Setting GAC to C:\\Users\\Lenovo\\AppData\\Roaming\\firebase\\vermaakashratan232_gmail_com_application_default_credentials.json"}}
[debug] [2022-02-01T10:49:11.120Z] > refreshing access token with scopes: []
[debug] [2022-02-01T10:49:11.121Z] >>> HTTP REQUEST POST https://www.googleapis.com/oauth2/v3/token  
 <request body omitted>
[debug] [2022-02-01T10:49:11.347Z] <<< HTTP RESPONSE 200 {"expires":"Mon, 01 Jan 1990 00:00:00 GMT","date":"Tue, 01 Feb 2022 10:49:11 GMT","pragma":"no-cache","cache-control":"no-cache, no-store, max-age=0, must-revalidate","content-type":"application/json; charset=utf-8","vary":"X-Origin, Referer, Origin,Accept-Encoding","server":"scaffolding on HTTPServer2","x-xss-protection":"0","x-frame-options":"SAMEORIGIN","x-content-type-options":"nosniff","alt-svc":"h3=\":443\"; ma=2592000,h3-29=\":443\"; ma=2592000,h3-Q050=\":443\"; ma=2592000,h3-Q046=\":443\"; ma=2592000,h3-Q043=\":443\"; ma=2592000,quic=\":443\"; ma=2592000; v=\"46,43\"","accept-ranges":"none","transfer-encoding":"chunked"}
[debug] [2022-02-01T10:49:11.366Z] >>> [apiv2][query] GET https://firebase.googleapis.com/v1beta1/projects/clone-cf8cb/adminSdkConfig [none]
[debug] [2022-02-01T10:49:11.660Z] <<< [apiv2][status] GET https://firebase-public.firebaseio.com/cli.json 200
[debug] [2022-02-01T10:49:11.661Z] <<< [apiv2][body] GET https://firebase-public.firebaseio.com/cli.json {"cloudBuildErrorAfter":1594252800000,"cloudBuildWarnAfter":1590019200000,"defaultNode10After":1594252800000,"minVersion":"3.0.5","node8DeploysDisabledAfter":1613390400000,"node8RuntimeDisabledAfter":1615809600000,"node8WarnAfter":1600128000000}
[debug] [2022-02-01T10:49:11.818Z] <<< [apiv2][status] GET https://firebase.googleapis.com/v1beta1/projects/clone-cf8cb/adminSdkConfig 200
[debug] [2022-02-01T10:49:11.819Z] <<< [apiv2][body] GET https://firebase.googleapis.com/v1beta1/projects/clone-cf8cb/adminSdkConfig {"projectId":"clone-cf8cb","storageBucket":"clone-cf8cb.appspot.com","locationId":"us-central"}
[debug] [2022-02-01T10:49:11.853Z] >>> [apiv2][query] GET https://firebasehosting.googleapis.com/v1beta1/projects/clone-cf8cb/sites 
[debug] [2022-02-01T10:49:13.602Z] <<< [apiv2][status] GET https://firebasehosting.googleapis.com/v1beta1/projects/clone-cf8cb/sites 200
[debug] [2022-02-01T10:49:13.603Z] <<< [apiv2][body] GET https://firebasehosting.googleapis.com/v1beta1/projects/clone-cf8cb/sites {"sites":[{"name":"projects/27268048821/sites/clone-cf8cb","defaultUrl":"https://clone-cf8cb.web.app","appId":"1:27268048821:web:e2994d0b351223af805bfc","type":"DEFAULT_SITE"}]}
[debug] [2022-02-01T10:49:13.603Z] >>> [apiv2][query] GET https://firebase.googleapis.com/v1beta1/projects/clone-cf8cb/webApps/1:27268048821:web:e2994d0b351223af805bfc/config [none]
[debug] [2022-02-01T10:49:14.966Z] <<< [apiv2][status] GET https://firebase.googleapis.com/v1beta1/projects/clone-cf8cb/webApps/1:27268048821:web:e2994d0b351223af805bfc/config 200
[debug] [2022-02-01T10:49:14.966Z] <<< [apiv2][body] GET https://firebase.googleapis.com/v1beta1/projects/clone-cf8cb/webApps/1:27268048821:web:e2994d0b351223af805bfc/config {"projectId":"clone-cf8cb","appId":"1:27268048821:web:e2994d0b351223af805bfc","storageBucket":"clone-cf8cb.appspot.com","locationId":"us-central","apiKey":"AIzaSyAsNo9M0xH3wXzcF8AbxIO9JtRw8h55Ep8","authDomain":"clone-cf8cb.firebaseapp.com","messagingSenderId":"27268048821","measurementId":"G-MJZ8LS6J3C"}
[info] i  hosting: Serving hosting files from: build {"metadata":{"emulator":{"name":"hosting"},"message":"Serving hosting files from: \u001b[1mbuild\u001b[22m"}}
[info] +  hosting: Local server: http://localhost:5000 {"metadata":{"emulator":{"name":"hosting"},"message":"Local server: \u001b[4m\u001b[1mhttp://localhost:5000\u001b[22m\u001b[24m"}}
[debug] [2022-02-01T10:49:15.048Z] Ignoring unsupported arg: auto_download {"metadata":{"emulator":{"name":"ui"},"message":"Ignoring unsupported arg: auto_download"}}
[debug] [2022-02-01T10:49:15.049Z] Ignoring unsupported arg: port {"metadata":{"emulator":{"name":"ui"},"message":"Ignoring unsupported arg: port"}}
[debug] [2022-02-01T10:49:15.049Z] Starting Emulator UI with command {"binary":"node","args":["C:\\Users\\Lenovo\\.cache\\firebase\\emulators\\ui-v1.6.4\\server.bundle.js"],"optionalArgs":[],"joinArgs":false} {"metadata":{"emulator":{"name":"ui"},"message":"Starting Emulator UI with command {\"binary\":\"node\",\"args\":[\"C:\\\\Users\\\\Lenovo\\\\.cache\\\\firebase\\\\emulators\\\\ui-v1.6.4\\\\server.bundle.js\"],\"optionalArgs\":[],\"joinArgs\":false}"}}
[info] i  ui: Emulator UI logging to ui-debug.log {"metadata":{"emulator":{"name":"ui"},"message":"Emulator UI logging to \u001b[1mui-debug.log\u001b[22m"}}
[debug] [2022-02-01T10:49:15.446Z] Web / API server started at localhost:4000
 {"metadata":{"emulator":{"name":"ui"},"message":"Web / API server started at localhost:4000\n"}}
[info] i  functions: Watching "D:\Web\amazon-clone\functions" for Cloud Functions... {"metadata":{"emulator":{"name":"functions"},"message":"Watching \"D:\\Web\\amazon-clone\\functions\" for Cloud Functions..."}}
[debug] [2022-02-01T10:49:15.657Z] [worker-pool] addWorker(~diagnostic~) {"metadata":{"emulator":{"name":"functions"},"message":"[worker-pool] addWorker(~diagnostic~)"}}
[debug] [2022-02-01T10:49:15.658Z] [worker-pool] Adding worker with key ~diagnostic~, total=1 {"metadata":{"emulator":{"name":"functions"},"message":"[worker-pool] Adding worker with key ~diagnostic~, total=1"}}
[debug] [2022-02-01T10:49:15.658Z] [worker-pool] submitWork(triggerId=) {"metadata":{"emulator":{"name":"functions"},"message":"[worker-pool] submitWork(triggerId=)"}}
[debug] [2022-02-01T10:49:15.659Z] [worker-~diagnostic~-78886e99-515f-425e-92d8-92040591569f]: Assigning socketPath: \\?\pipe\D:\Web\amazon-clone\functions\4380 {"metadata":{"emulator":{"name":"functions"},"message":"[worker-~diagnostic~-78886e99-515f-425e-92d8-92040591569f]: Assigning socketPath: \\\\?\\pipe\\D:\\Web\\amazon-clone\\functions\\4380"}}
[debug] [2022-02-01T10:49:15.660Z] [worker-~diagnostic~-78886e99-515f-425e-92d8-92040591569f]: BUSY {"metadata":{"emulator":{"name":"functions"},"message":"[worker-~diagnostic~-78886e99-515f-425e-92d8-92040591569f]: BUSY"}}
